<?xml version="1.0" encoding="UTF-8"?>
<testsuite xmlns:xsi="http://www.w3.org/2001/XMLSchema-instance" xsi:noNamespaceSchemaLocation="https://maven.apache.org/surefire/maven-surefire-plugin/xsd/surefire-test-report.xsd" name="TestSuite" time="113.286" tests="1" errors="0" skipped="0" failures="0">
  <properties>
    <property name="sun.desktop" value="windows"/>
    <property name="awt.toolkit" value="sun.awt.windows.WToolkit"/>
    <property name="file.encoding.pkg" value="sun.io"/>
    <property name="java.specification.version" value="1.8"/>
    <property name="sun.cpu.isalist" value="amd64"/>
    <property name="sun.jnu.encoding" value="Cp1252"/>
    <property name="java.class.path" value="D:\Projects\Java\workspace\com.Test.FirstCry.Automation\target\test-classes;D:\Projects\Java\workspace\com.Test.FirstCry.Automation\target\classes;C:\Users\admin1\.m2\repository\org\testng\testng\6.9.9\testng-6.9.9.jar;C:\Users\admin1\.m2\repository\junit\junit\4.10\junit-4.10.jar;C:\Users\admin1\.m2\repository\org\hamcrest\hamcrest-core\1.1\hamcrest-core-1.1.jar;C:\Users\admin1\.m2\repository\com\beust\jcommander\1.48\jcommander-1.48.jar;C:\Users\admin1\.m2\repository\org\apache\ant\ant\1.7.0\ant-1.7.0.jar;C:\Users\admin1\.m2\repository\org\apache\ant\ant-launcher\1.7.0\ant-launcher-1.7.0.jar;C:\Users\admin1\.m2\repository\org\yaml\snakeyaml\1.15\snakeyaml-1.15.jar;C:\Users\admin1\.m2\repository\org\beanshell\bsh\2.0b4\bsh-2.0b4.jar;C:\Users\admin1\.m2\repository\org\seleniumhq\selenium\selenium-java\3.3.0\selenium-java-3.3.0.jar;C:\Users\admin1\.m2\repository\org\seleniumhq\selenium\selenium-edge-driver\3.3.0\selenium-edge-driver-3.3.0.jar;C:\Users\admin1\.m2\repository\org\seleniumhq\selenium\selenium-firefox-driver\3.3.0\selenium-firefox-driver-3.3.0.jar;C:\Users\admin1\.m2\repository\org\seleniumhq\selenium\selenium-ie-driver\3.3.0\selenium-ie-driver-3.3.0.jar;C:\Users\admin1\.m2\repository\org\seleniumhq\selenium\selenium-opera-driver\3.3.0\selenium-opera-driver-3.3.0.jar;C:\Users\admin1\.m2\repository\org\seleniumhq\selenium\selenium-safari-driver\3.3.0\selenium-safari-driver-3.3.0.jar;C:\Users\admin1\.m2\repository\com\codeborne\phantomjsdriver\1.4.0\phantomjsdriver-1.4.0.jar;C:\Users\admin1\.m2\repository\org\seleniumhq\selenium\htmlunit-driver\2.24\htmlunit-driver-2.24.jar;C:\Users\admin1\.m2\repository\org\seleniumhq\selenium\selenium-support\3.12.0\selenium-support-3.12.0.jar;C:\Users\admin1\.m2\repository\net\bytebuddy\byte-buddy\1.8.3\byte-buddy-1.8.3.jar;C:\Users\admin1\.m2\repository\commons-codec\commons-codec\1.10\commons-codec-1.10.jar;C:\Users\admin1\.m2\repository\commons-logging\commons-logging\1.2\commons-logging-1.2.jar;C:\Users\admin1\.m2\repository\org\apache\httpcomponents\httpcore\4.4.6\httpcore-4.4.6.jar;C:\Users\admin1\.m2\repository\com\squareup\okhttp3\okhttp\3.9.1\okhttp-3.9.1.jar;C:\Users\admin1\.m2\repository\com\squareup\okio\okio\1.13.0\okio-1.13.0.jar;C:\Users\admin1\.m2\repository\net\sourceforge\htmlunit\htmlunit\2.24\htmlunit-2.24.jar;C:\Users\admin1\.m2\repository\xalan\xalan\2.7.2\xalan-2.7.2.jar;C:\Users\admin1\.m2\repository\xalan\serializer\2.7.2\serializer-2.7.2.jar;C:\Users\admin1\.m2\repository\org\apache\commons\commons-lang3\3.5\commons-lang3-3.5.jar;C:\Users\admin1\.m2\repository\org\apache\httpcomponents\httpmime\4.5.2\httpmime-4.5.2.jar;C:\Users\admin1\.m2\repository\net\sourceforge\htmlunit\htmlunit-core-js\2.23\htmlunit-core-js-2.23.jar;C:\Users\admin1\.m2\repository\net\sourceforge\htmlunit\neko-htmlunit\2.24\neko-htmlunit-2.24.jar;C:\Users\admin1\.m2\repository\xerces\xercesImpl\2.11.0\xercesImpl-2.11.0.jar;C:\Users\admin1\.m2\repository\xml-apis\xml-apis\1.4.01\xml-apis-1.4.01.jar;C:\Users\admin1\.m2\repository\net\sourceforge\cssparser\cssparser\0.9.21\cssparser-0.9.21.jar;C:\Users\admin1\.m2\repository\org\w3c\css\sac\1.3\sac-1.3.jar;C:\Users\admin1\.m2\repository\commons-io\commons-io\2.5\commons-io-2.5.jar;C:\Users\admin1\.m2\repository\org\eclipse\jetty\websocket\websocket-client\9.2.20.v20161216\websocket-client-9.2.20.v20161216.jar;C:\Users\admin1\.m2\repository\org\eclipse\jetty\jetty-util\9.2.20.v20161216\jetty-util-9.2.20.v20161216.jar;C:\Users\admin1\.m2\repository\org\eclipse\jetty\jetty-io\9.2.20.v20161216\jetty-io-9.2.20.v20161216.jar;C:\Users\admin1\.m2\repository\org\eclipse\jetty\websocket\websocket-common\9.2.20.v20161216\websocket-common-9.2.20.v20161216.jar;C:\Users\admin1\.m2\repository\org\eclipse\jetty\websocket\websocket-api\9.2.20.v20161216\websocket-api-9.2.20.v20161216.jar;C:\Users\admin1\.m2\repository\org\seleniumhq\selenium\selenium-chrome-driver\3.3.0\selenium-chrome-driver-3.3.0.jar;C:\Users\admin1\.m2\repository\org\seleniumhq\selenium\selenium-remote-driver\3.3.0\selenium-remote-driver-3.3.0.jar;C:\Users\admin1\.m2\repository\org\seleniumhq\selenium\selenium-api\3.3.0\selenium-api-3.3.0.jar;C:\Users\admin1\.m2\repository\cglib\cglib-nodep\3.2.4\cglib-nodep-3.2.4.jar;C:\Users\admin1\.m2\repository\org\apache\commons\commons-exec\1.3\commons-exec-1.3.jar;C:\Users\admin1\.m2\repository\com\google\code\gson\gson\2.8.0\gson-2.8.0.jar;C:\Users\admin1\.m2\repository\com\google\guava\guava\21.0\guava-21.0.jar;C:\Users\admin1\.m2\repository\org\apache\httpcomponents\httpclient\4.5.2\httpclient-4.5.2.jar;C:\Users\admin1\.m2\repository\net\java\dev\jna\jna-platform\4.1.0\jna-platform-4.1.0.jar;C:\Users\admin1\.m2\repository\net\java\dev\jna\jna\4.1.0\jna-4.1.0.jar;C:\Users\admin1\.m2\repository\org\apache\maven\plugins\maven-compiler-plugin\3.3\maven-compiler-plugin-3.3.jar;C:\Users\admin1\.m2\repository\org\apache\maven\maven-plugin-api\2.2.1\maven-plugin-api-2.2.1.jar;C:\Users\admin1\.m2\repository\org\apache\maven\maven-artifact\2.2.1\maven-artifact-2.2.1.jar;C:\Users\admin1\.m2\repository\org\codehaus\plexus\plexus-utils\1.5.15\plexus-utils-1.5.15.jar;C:\Users\admin1\.m2\repository\org\apache\maven\maven-core\2.2.1\maven-core-2.2.1.jar;C:\Users\admin1\.m2\repository\org\apache\maven\maven-settings\2.2.1\maven-settings-2.2.1.jar;C:\Users\admin1\.m2\repository\org\codehaus\plexus\plexus-interpolation\1.11\plexus-interpolation-1.11.jar;C:\Users\admin1\.m2\repository\org\apache\maven\maven-plugin-parameter-documenter\2.2.1\maven-plugin-parameter-documenter-2.2.1.jar;C:\Users\admin1\.m2\repository\org\apache\maven\wagon\wagon-http\1.0-beta-6\wagon-http-1.0-beta-6.jar;C:\Users\admin1\.m2\repository\org\apache\maven\wagon\wagon-http-shared\1.0-beta-6\wagon-http-shared-1.0-beta-6.jar;C:\Users\admin1\.m2\repository\nekohtml\xercesMinimal\1.9.6.2\xercesMinimal-1.9.6.2.jar;C:\Users\admin1\.m2\repository\nekohtml\nekohtml\1.9.6.2\nekohtml-1.9.6.2.jar;C:\Users\admin1\.m2\repository\commons-httpclient\commons-httpclient\3.1\commons-httpclient-3.1.jar;C:\Users\admin1\.m2\repository\org\apache\maven\wagon\wagon-webdav-jackrabbit\1.0-beta-6\wagon-webdav-jackrabbit-1.0-beta-6.jar;C:\Users\admin1\.m2\repository\org\apache\jackrabbit\jackrabbit-webdav\1.5.0\jackrabbit-webdav-1.5.0.jar;C:\Users\admin1\.m2\repository\org\apache\jackrabbit\jackrabbit-jcr-commons\1.5.0\jackrabbit-jcr-commons-1.5.0.jar;C:\Users\admin1\.m2\repository\org\slf4j\slf4j-nop\1.5.3\slf4j-nop-1.5.3.jar;C:\Users\admin1\.m2\repository\org\slf4j\slf4j-jdk14\1.5.6\slf4j-jdk14-1.5.6.jar;C:\Users\admin1\.m2\repository\org\slf4j\slf4j-api\1.5.6\slf4j-api-1.5.6.jar;C:\Users\admin1\.m2\repository\org\slf4j\jcl-over-slf4j\1.5.6\jcl-over-slf4j-1.5.6.jar;C:\Users\admin1\.m2\repository\org\apache\maven\maven-profile\2.2.1\maven-profile-2.2.1.jar;C:\Users\admin1\.m2\repository\org\apache\maven\maven-model\2.2.1\maven-model-2.2.1.jar;C:\Users\admin1\.m2\repository\org\apache\maven\wagon\wagon-provider-api\1.0-beta-6\wagon-provider-api-1.0-beta-6.jar;C:\Users\admin1\.m2\repository\org\apache\maven\maven-repository-metadata\2.2.1\maven-repository-metadata-2.2.1.jar;C:\Users\admin1\.m2\repository\org\apache\maven\maven-error-diagnostics\2.2.1\maven-error-diagnostics-2.2.1.jar;C:\Users\admin1\.m2\repository\org\apache\maven\maven-project\2.2.1\maven-project-2.2.1.jar;C:\Users\admin1\.m2\repository\org\apache\maven\maven-plugin-registry\2.2.1\maven-plugin-registry-2.2.1.jar;C:\Users\admin1\.m2\repository\org\apache\maven\maven-plugin-descriptor\2.2.1\maven-plugin-descriptor-2.2.1.jar;C:\Users\admin1\.m2\repository\org\apache\maven\maven-artifact-manager\2.2.1\maven-artifact-manager-2.2.1.jar;C:\Users\admin1\.m2\repository\backport-util-concurrent\backport-util-concurrent\3.1\backport-util-concurrent-3.1.jar;C:\Users\admin1\.m2\repository\org\apache\maven\maven-monitor\2.2.1\maven-monitor-2.2.1.jar;C:\Users\admin1\.m2\repository\org\sonatype\plexus\plexus-sec-dispatcher\1.3\plexus-sec-dispatcher-1.3.jar;C:\Users\admin1\.m2\repository\org\sonatype\plexus\plexus-cipher\1.4\plexus-cipher-1.4.jar;C:\Users\admin1\.m2\repository\org\apache\maven\maven-toolchain\2.2.1\maven-toolchain-2.2.1.jar;C:\Users\admin1\.m2\repository\org\apache\maven\shared\maven-shared-utils\0.7\maven-shared-utils-0.7.jar;C:\Users\admin1\.m2\repository\com\google\code\findbugs\jsr305\2.0.1\jsr305-2.0.1.jar;C:\Users\admin1\.m2\repository\org\apache\maven\shared\maven-shared-incremental\1.1\maven-shared-incremental-1.1.jar;C:\Users\admin1\.m2\repository\org\codehaus\plexus\plexus-component-annotations\1.5.5\plexus-component-annotations-1.5.5.jar;C:\Users\admin1\.m2\repository\org\codehaus\plexus\plexus-compiler-api\2.5\plexus-compiler-api-2.5.jar;C:\Users\admin1\.m2\repository\org\codehaus\plexus\plexus-compiler-manager\2.5\plexus-compiler-manager-2.5.jar;C:\Users\admin1\.m2\repository\org\codehaus\plexus\plexus-compiler-javac\2.5\plexus-compiler-javac-2.5.jar;C:\Users\admin1\.m2\repository\org\codehaus\plexus\plexus-container-default\1.5.5\plexus-container-default-1.5.5.jar;C:\Users\admin1\.m2\repository\org\codehaus\plexus\plexus-classworlds\2.2.2\plexus-classworlds-2.2.2.jar;C:\Users\admin1\.m2\repository\org\apache\xbean\xbean-reflect\3.4\xbean-reflect-3.4.jar;C:\Users\admin1\.m2\repository\log4j\log4j\1.2.12\log4j-1.2.12.jar;C:\Users\admin1\.m2\repository\commons-logging\commons-logging-api\1.1\commons-logging-api-1.1.jar;C:\Users\admin1\.m2\repository\com\google\collections\google-collections\1.0\google-collections-1.0.jar;C:\Users\admin1\.m2\repository\org\apache\maven\surefire\surefire-testng-utils\2.20.1\surefire-testng-utils-2.20.1.jar;C:\Users\admin1\.m2\repository\org\apache\maven\surefire\surefire-grouper\2.20.1\surefire-grouper-2.20.1.jar;"/>
    <property name="java.vm.vendor" value="Oracle Corporation"/>
    <property name="sun.arch.data.model" value="64"/>
    <property name="user.variant" value=""/>
    <property name="java.vendor.url" value="http://java.oracle.com/"/>
    <property name="user.timezone" value=""/>
    <property name="java.vm.specification.version" value="1.8"/>
    <property name="os.name" value="Windows 8.1"/>
    <property name="user.country" value="US"/>
    <property name="sun.java.launcher" value="SUN_STANDARD"/>
    <property name="sun.boot.library.path" value="C:\Program Files\Java\jre1.8.0_101\bin"/>
    <property name="sun.java.command" value="C:\Users\admin1\AppData\Local\Temp\surefire3339195105300019965\surefirebooter9206304382531429967.jar C:\Users\admin1\AppData\Local\Temp\surefire3339195105300019965 2018-05-18T00-08-34_917-jvmRun1 surefire934865559943983469tmp surefire_08394023966408741976tmp"/>
    <property name="surefire.test.class.path" value="D:\Projects\Java\workspace\com.Test.FirstCry.Automation\target\test-classes;D:\Projects\Java\workspace\com.Test.FirstCry.Automation\target\classes;C:\Users\admin1\.m2\repository\org\testng\testng\6.9.9\testng-6.9.9.jar;C:\Users\admin1\.m2\repository\junit\junit\4.10\junit-4.10.jar;C:\Users\admin1\.m2\repository\org\hamcrest\hamcrest-core\1.1\hamcrest-core-1.1.jar;C:\Users\admin1\.m2\repository\com\beust\jcommander\1.48\jcommander-1.48.jar;C:\Users\admin1\.m2\repository\org\apache\ant\ant\1.7.0\ant-1.7.0.jar;C:\Users\admin1\.m2\repository\org\apache\ant\ant-launcher\1.7.0\ant-launcher-1.7.0.jar;C:\Users\admin1\.m2\repository\org\yaml\snakeyaml\1.15\snakeyaml-1.15.jar;C:\Users\admin1\.m2\repository\org\beanshell\bsh\2.0b4\bsh-2.0b4.jar;C:\Users\admin1\.m2\repository\org\seleniumhq\selenium\selenium-java\3.3.0\selenium-java-3.3.0.jar;C:\Users\admin1\.m2\repository\org\seleniumhq\selenium\selenium-edge-driver\3.3.0\selenium-edge-driver-3.3.0.jar;C:\Users\admin1\.m2\repository\org\seleniumhq\selenium\selenium-firefox-driver\3.3.0\selenium-firefox-driver-3.3.0.jar;C:\Users\admin1\.m2\repository\org\seleniumhq\selenium\selenium-ie-driver\3.3.0\selenium-ie-driver-3.3.0.jar;C:\Users\admin1\.m2\repository\org\seleniumhq\selenium\selenium-opera-driver\3.3.0\selenium-opera-driver-3.3.0.jar;C:\Users\admin1\.m2\repository\org\seleniumhq\selenium\selenium-safari-driver\3.3.0\selenium-safari-driver-3.3.0.jar;C:\Users\admin1\.m2\repository\com\codeborne\phantomjsdriver\1.4.0\phantomjsdriver-1.4.0.jar;C:\Users\admin1\.m2\repository\org\seleniumhq\selenium\htmlunit-driver\2.24\htmlunit-driver-2.24.jar;C:\Users\admin1\.m2\repository\org\seleniumhq\selenium\selenium-support\3.12.0\selenium-support-3.12.0.jar;C:\Users\admin1\.m2\repository\net\bytebuddy\byte-buddy\1.8.3\byte-buddy-1.8.3.jar;C:\Users\admin1\.m2\repository\commons-codec\commons-codec\1.10\commons-codec-1.10.jar;C:\Users\admin1\.m2\repository\commons-logging\commons-logging\1.2\commons-logging-1.2.jar;C:\Users\admin1\.m2\repository\org\apache\httpcomponents\httpcore\4.4.6\httpcore-4.4.6.jar;C:\Users\admin1\.m2\repository\com\squareup\okhttp3\okhttp\3.9.1\okhttp-3.9.1.jar;C:\Users\admin1\.m2\repository\com\squareup\okio\okio\1.13.0\okio-1.13.0.jar;C:\Users\admin1\.m2\repository\net\sourceforge\htmlunit\htmlunit\2.24\htmlunit-2.24.jar;C:\Users\admin1\.m2\repository\xalan\xalan\2.7.2\xalan-2.7.2.jar;C:\Users\admin1\.m2\repository\xalan\serializer\2.7.2\serializer-2.7.2.jar;C:\Users\admin1\.m2\repository\org\apache\commons\commons-lang3\3.5\commons-lang3-3.5.jar;C:\Users\admin1\.m2\repository\org\apache\httpcomponents\httpmime\4.5.2\httpmime-4.5.2.jar;C:\Users\admin1\.m2\repository\net\sourceforge\htmlunit\htmlunit-core-js\2.23\htmlunit-core-js-2.23.jar;C:\Users\admin1\.m2\repository\net\sourceforge\htmlunit\neko-htmlunit\2.24\neko-htmlunit-2.24.jar;C:\Users\admin1\.m2\repository\xerces\xercesImpl\2.11.0\xercesImpl-2.11.0.jar;C:\Users\admin1\.m2\repository\xml-apis\xml-apis\1.4.01\xml-apis-1.4.01.jar;C:\Users\admin1\.m2\repository\net\sourceforge\cssparser\cssparser\0.9.21\cssparser-0.9.21.jar;C:\Users\admin1\.m2\repository\org\w3c\css\sac\1.3\sac-1.3.jar;C:\Users\admin1\.m2\repository\commons-io\commons-io\2.5\commons-io-2.5.jar;C:\Users\admin1\.m2\repository\org\eclipse\jetty\websocket\websocket-client\9.2.20.v20161216\websocket-client-9.2.20.v20161216.jar;C:\Users\admin1\.m2\repository\org\eclipse\jetty\jetty-util\9.2.20.v20161216\jetty-util-9.2.20.v20161216.jar;C:\Users\admin1\.m2\repository\org\eclipse\jetty\jetty-io\9.2.20.v20161216\jetty-io-9.2.20.v20161216.jar;C:\Users\admin1\.m2\repository\org\eclipse\jetty\websocket\websocket-common\9.2.20.v20161216\websocket-common-9.2.20.v20161216.jar;C:\Users\admin1\.m2\repository\org\eclipse\jetty\websocket\websocket-api\9.2.20.v20161216\websocket-api-9.2.20.v20161216.jar;C:\Users\admin1\.m2\repository\org\seleniumhq\selenium\selenium-chrome-driver\3.3.0\selenium-chrome-driver-3.3.0.jar;C:\Users\admin1\.m2\repository\org\seleniumhq\selenium\selenium-remote-driver\3.3.0\selenium-remote-driver-3.3.0.jar;C:\Users\admin1\.m2\repository\org\seleniumhq\selenium\selenium-api\3.3.0\selenium-api-3.3.0.jar;C:\Users\admin1\.m2\repository\cglib\cglib-nodep\3.2.4\cglib-nodep-3.2.4.jar;C:\Users\admin1\.m2\repository\org\apache\commons\commons-exec\1.3\commons-exec-1.3.jar;C:\Users\admin1\.m2\repository\com\google\code\gson\gson\2.8.0\gson-2.8.0.jar;C:\Users\admin1\.m2\repository\com\google\guava\guava\21.0\guava-21.0.jar;C:\Users\admin1\.m2\repository\org\apache\httpcomponents\httpclient\4.5.2\httpclient-4.5.2.jar;C:\Users\admin1\.m2\repository\net\java\dev\jna\jna-platform\4.1.0\jna-platform-4.1.0.jar;C:\Users\admin1\.m2\repository\net\java\dev\jna\jna\4.1.0\jna-4.1.0.jar;C:\Users\admin1\.m2\repository\org\apache\maven\plugins\maven-compiler-plugin\3.3\maven-compiler-plugin-3.3.jar;C:\Users\admin1\.m2\repository\org\apache\maven\maven-plugin-api\2.2.1\maven-plugin-api-2.2.1.jar;C:\Users\admin1\.m2\repository\org\apache\maven\maven-artifact\2.2.1\maven-artifact-2.2.1.jar;C:\Users\admin1\.m2\repository\org\codehaus\plexus\plexus-utils\1.5.15\plexus-utils-1.5.15.jar;C:\Users\admin1\.m2\repository\org\apache\maven\maven-core\2.2.1\maven-core-2.2.1.jar;C:\Users\admin1\.m2\repository\org\apache\maven\maven-settings\2.2.1\maven-settings-2.2.1.jar;C:\Users\admin1\.m2\repository\org\codehaus\plexus\plexus-interpolation\1.11\plexus-interpolation-1.11.jar;C:\Users\admin1\.m2\repository\org\apache\maven\maven-plugin-parameter-documenter\2.2.1\maven-plugin-parameter-documenter-2.2.1.jar;C:\Users\admin1\.m2\repository\org\apache\maven\wagon\wagon-http\1.0-beta-6\wagon-http-1.0-beta-6.jar;C:\Users\admin1\.m2\repository\org\apache\maven\wagon\wagon-http-shared\1.0-beta-6\wagon-http-shared-1.0-beta-6.jar;C:\Users\admin1\.m2\repository\nekohtml\xercesMinimal\1.9.6.2\xercesMinimal-1.9.6.2.jar;C:\Users\admin1\.m2\repository\nekohtml\nekohtml\1.9.6.2\nekohtml-1.9.6.2.jar;C:\Users\admin1\.m2\repository\commons-httpclient\commons-httpclient\3.1\commons-httpclient-3.1.jar;C:\Users\admin1\.m2\repository\org\apache\maven\wagon\wagon-webdav-jackrabbit\1.0-beta-6\wagon-webdav-jackrabbit-1.0-beta-6.jar;C:\Users\admin1\.m2\repository\org\apache\jackrabbit\jackrabbit-webdav\1.5.0\jackrabbit-webdav-1.5.0.jar;C:\Users\admin1\.m2\repository\org\apache\jackrabbit\jackrabbit-jcr-commons\1.5.0\jackrabbit-jcr-commons-1.5.0.jar;C:\Users\admin1\.m2\repository\org\slf4j\slf4j-nop\1.5.3\slf4j-nop-1.5.3.jar;C:\Users\admin1\.m2\repository\org\slf4j\slf4j-jdk14\1.5.6\slf4j-jdk14-1.5.6.jar;C:\Users\admin1\.m2\repository\org\slf4j\slf4j-api\1.5.6\slf4j-api-1.5.6.jar;C:\Users\admin1\.m2\repository\org\slf4j\jcl-over-slf4j\1.5.6\jcl-over-slf4j-1.5.6.jar;C:\Users\admin1\.m2\repository\org\apache\maven\maven-profile\2.2.1\maven-profile-2.2.1.jar;C:\Users\admin1\.m2\repository\org\apache\maven\maven-model\2.2.1\maven-model-2.2.1.jar;C:\Users\admin1\.m2\repository\org\apache\maven\wagon\wagon-provider-api\1.0-beta-6\wagon-provider-api-1.0-beta-6.jar;C:\Users\admin1\.m2\repository\org\apache\maven\maven-repository-metadata\2.2.1\maven-repository-metadata-2.2.1.jar;C:\Users\admin1\.m2\repository\org\apache\maven\maven-error-diagnostics\2.2.1\maven-error-diagnostics-2.2.1.jar;C:\Users\admin1\.m2\repository\org\apache\maven\maven-project\2.2.1\maven-project-2.2.1.jar;C:\Users\admin1\.m2\repository\org\apache\maven\maven-plugin-registry\2.2.1\maven-plugin-registry-2.2.1.jar;C:\Users\admin1\.m2\repository\org\apache\maven\maven-plugin-descriptor\2.2.1\maven-plugin-descriptor-2.2.1.jar;C:\Users\admin1\.m2\repository\org\apache\maven\maven-artifact-manager\2.2.1\maven-artifact-manager-2.2.1.jar;C:\Users\admin1\.m2\repository\backport-util-concurrent\backport-util-concurrent\3.1\backport-util-concurrent-3.1.jar;C:\Users\admin1\.m2\repository\org\apache\maven\maven-monitor\2.2.1\maven-monitor-2.2.1.jar;C:\Users\admin1\.m2\repository\org\sonatype\plexus\plexus-sec-dispatcher\1.3\plexus-sec-dispatcher-1.3.jar;C:\Users\admin1\.m2\repository\org\sonatype\plexus\plexus-cipher\1.4\plexus-cipher-1.4.jar;C:\Users\admin1\.m2\repository\org\apache\maven\maven-toolchain\2.2.1\maven-toolchain-2.2.1.jar;C:\Users\admin1\.m2\repository\org\apache\maven\shared\maven-shared-utils\0.7\maven-shared-utils-0.7.jar;C:\Users\admin1\.m2\repository\com\google\code\findbugs\jsr305\2.0.1\jsr305-2.0.1.jar;C:\Users\admin1\.m2\repository\org\apache\maven\shared\maven-shared-incremental\1.1\maven-shared-incremental-1.1.jar;C:\Users\admin1\.m2\repository\org\codehaus\plexus\plexus-component-annotations\1.5.5\plexus-component-annotations-1.5.5.jar;C:\Users\admin1\.m2\repository\org\codehaus\plexus\plexus-compiler-api\2.5\plexus-compiler-api-2.5.jar;C:\Users\admin1\.m2\repository\org\codehaus\plexus\plexus-compiler-manager\2.5\plexus-compiler-manager-2.5.jar;C:\Users\admin1\.m2\repository\org\codehaus\plexus\plexus-compiler-javac\2.5\plexus-compiler-javac-2.5.jar;C:\Users\admin1\.m2\repository\org\codehaus\plexus\plexus-container-default\1.5.5\plexus-container-default-1.5.5.jar;C:\Users\admin1\.m2\repository\org\codehaus\plexus\plexus-classworlds\2.2.2\plexus-classworlds-2.2.2.jar;C:\Users\admin1\.m2\repository\org\apache\xbean\xbean-reflect\3.4\xbean-reflect-3.4.jar;C:\Users\admin1\.m2\repository\log4j\log4j\1.2.12\log4j-1.2.12.jar;C:\Users\admin1\.m2\repository\commons-logging\commons-logging-api\1.1\commons-logging-api-1.1.jar;C:\Users\admin1\.m2\repository\com\google\collections\google-collections\1.0\google-collections-1.0.jar;C:\Users\admin1\.m2\repository\org\apache\maven\surefire\surefire-testng-utils\2.20.1\surefire-testng-utils-2.20.1.jar;C:\Users\admin1\.m2\repository\org\apache\maven\surefire\surefire-grouper\2.20.1\surefire-grouper-2.20.1.jar;"/>
    <property name="sun.cpu.endian" value="little"/>
    <property name="user.home" value="C:\Users\admin1"/>
    <property name="user.language" value="en"/>
    <property name="java.specification.vendor" value="Oracle Corporation"/>
    <property name="java.home" value="C:\Program Files\Java\jre1.8.0_101"/>
    <property name="basedir" value="D:\Projects\Java\workspace\com.Test.FirstCry.Automation"/>
    <property name="file.separator" value="\"/>
    <property name="line.separator" value="&#10;"/>
    <property name="java.vm.specification.vendor" value="Oracle Corporation"/>
    <property name="java.specification.name" value="Java Platform API Specification"/>
    <property name="java.awt.graphicsenv" value="sun.awt.Win32GraphicsEnvironment"/>
    <property name="surefire.real.class.path" value="C:\Users\admin1\AppData\Local\Temp\surefire3339195105300019965\surefirebooter9206304382531429967.jar"/>
    <property name="sun.boot.class.path" value="C:\Program Files\Java\jre1.8.0_101\lib\resources.jar;C:\Program Files\Java\jre1.8.0_101\lib\rt.jar;C:\Program Files\Java\jre1.8.0_101\lib\sunrsasign.jar;C:\Program Files\Java\jre1.8.0_101\lib\jsse.jar;C:\Program Files\Java\jre1.8.0_101\lib\jce.jar;C:\Program Files\Java\jre1.8.0_101\lib\charsets.jar;C:\Program Files\Java\jre1.8.0_101\lib\jfr.jar;C:\Program Files\Java\jre1.8.0_101\classes"/>
    <property name="user.script" value=""/>
    <property name="sun.management.compiler" value="HotSpot 64-Bit Tiered Compilers"/>
    <property name="java.runtime.version" value="1.8.0_101-b13"/>
    <property name="user.name" value="admin1"/>
    <property name="path.separator" value=";"/>
    <property name="os.version" value="6.3"/>
    <property name="java.endorsed.dirs" value="C:\Program Files\Java\jre1.8.0_101\lib\endorsed"/>
    <property name="java.runtime.name" value="Java(TM) SE Runtime Environment"/>
    <property name="file.encoding" value="Cp1252"/>
    <property name="java.vm.name" value="Java HotSpot(TM) 64-Bit Server VM"/>
    <property name="localRepository" value="C:\Users\admin1\.m2\repository"/>
    <property name="java.vendor.url.bug" value="http://bugreport.sun.com/bugreport/"/>
    <property name="java.io.tmpdir" value="C:\Users\admin1\AppData\Local\Temp\"/>
    <property name="java.version" value="1.8.0_101"/>
    <property name="user.dir" value="D:\Projects\Java\workspace\com.Test.FirstCry.Automation"/>
    <property name="os.arch" value="amd64"/>
    <property name="java.vm.specification.name" value="Java Virtual Machine Specification"/>
    <property name="java.awt.printerjob" value="sun.awt.windows.WPrinterJob"/>
    <property name="sun.os.patch.level" value=""/>
    <property name="java.library.path" value="C:\Program Files\Java\jre1.8.0_101\bin;C:\Windows\Sun\Java\bin;C:\Windows\system32;C:\Windows;C:/Program Files/Java/jre1.8.0_101/bin/server;C:/Program Files/Java/jre1.8.0_101/bin;C:/Program Files/Java/jre1.8.0_101/lib/amd64;C:\ProgramData\Oracle\Java\javapath;C:\Windows\system32;C:\Windows;C:\Windows\System32\Wbem;C:\Windows\System32\WindowsPowerShell\v1.0\;C:\Program Files (x86)\Windows Kits\8.1\Windows Performance Toolkit\;C:\Program Files\Microsoft SQL Server\110\Tools\Binn\;C:\Program Files (x86)\Microsoft SDKs\TypeScript\1.0\;C:\Windows\Microsoft.NET\Framework\v4.0.30319\;C:\Program Files\Microsoft SQL Server\110\DTS\Binn\;C:\Program Files (x86)\Microsoft SQL Server\110\Tools\Binn\;C:\Program Files (x86)\Microsoft SQL Server\110\Tools\Binn\ManagementStudio\;C:\Program Files (x86)\Microsoft Visual Studio 10.0\Common7\IDE\PrivateAssemblies\;C:\Program Files (x86)\Microsoft SQL Server\110\DTS\Binn\;C:\Program Files\nodejs\;C:\Program Files (x86)\Skype\Phone\;C:\Users\admin1\AppData\Roaming\npm;C:\Program Files\Java\jdk1.8.0_73\bin;C:\Users\admin1\bin;C:\Users\admin1\Desktop;;."/>
    <property name="java.vm.info" value="mixed mode"/>
    <property name="java.vendor" value="Oracle Corporation"/>
    <property name="java.vm.version" value="25.101-b13"/>
    <property name="java.ext.dirs" value="C:\Program Files\Java\jre1.8.0_101\lib\ext;C:\Windows\Sun\Java\lib\ext"/>
    <property name="sun.io.unicode.encoding" value="UnicodeLittle"/>
    <property name="java.class.version" value="52.0"/>
  </properties>
  <testcase name="login" classname="com.Test.FirstCry.Test.com.Test.FirstCry.Automation.Test.LoginPage" time="26.132"/>
</testsuite>