<?xml version="1.0" encoding="UTF-8"?>
<!-- Generated by org.testng.reporters.JUnitReportReporter -->
<testsuite hostname="admin" name="com.Test.FirstCry.Test.com.Test.FirstCry.Automation.Test.BasicSetupClass" tests="1" failures="0" timestamp="15 May 2018 17:21:45 GMT" time="11.247" errors="0">
  <testcase name="launchDriver" time="11.247" classname="com.Test.FirstCry.Test.com.Test.FirstCry.Automation.Test.BasicSetupClass"/>
</testsuite> <!-- com.Test.FirstCry.Test.com.Test.FirstCry.Automation.Test.BasicSetupClass -->
