<?xml version="1.0" encoding="UTF-8"?>
<!-- Generated by org.testng.reporters.JUnitReportReporter -->
<testsuite hostname="admin" name="com.Test.FirstCry.Test.com.Test.FirstCry.Automation.Test.LoginPage" tests="1" failures="0" timestamp="17 May 2018 18:40:38 GMT" time="26.132" errors="0">
  <testcase name="login" time="26.132" classname="com.Test.FirstCry.Test.com.Test.FirstCry.Automation.Test.LoginPage"/>
</testsuite> <!-- com.Test.FirstCry.Test.com.Test.FirstCry.Automation.Test.LoginPage -->
